<?xml version="1.0" encoding="UTF-8"?>
<robot generator="Robot 6.0.1 (Python 3.10.7 on win32)" generated="20230217 17:44:54.332" rpa="false" schemaversion="3">
<suite id="s1" name="Scenarios Scripts" source="c:\Users\chula\OneDrive\Desktop\Examen_Intra_Automatisation_2\TestCases\scenarios_scripts.robot">
<test id="s1-t1" name="Scenario A" line="7">
<kw name="Given Je suis sur la page d'accueil d'Ebay" library="scenarios_keywords">
<kw name="Open Browser" library="SeleniumLibrary">
<arg>${URL}</arg>
<arg>${BROWSER}</arg>
<doc>Opens a new browser instance to the optional ``url``.</doc>
<msg timestamp="20230217 17:44:54.672" level="INFO">Opening browser 'chrome' to base url 'https://www.ebay.com/'.</msg>
<status status="PASS" starttime="20230217 17:44:54.670" endtime="20230217 17:44:57.163"/>
</kw>
<kw name="Maximize Browser Window" library="SeleniumLibrary">
<doc>Maximizes current browser window.</doc>
<status status="PASS" starttime="20230217 17:44:57.163" endtime="20230217 17:44:57.321"/>
</kw>
<status status="PASS" starttime="20230217 17:44:54.669" endtime="20230217 17:44:57.322"/>
</kw>
<kw name="When Je clique sur lien Avancé" library="scenarios_keywords">
<kw name="Wait Until Element Is Visible" library="SeleniumLibrary">
<arg>xpath://a[@title='Advanced Search' and @id='gh-as-a']</arg>
<doc>Waits until the element ``locator`` is visible.</doc>
<status status="PASS" starttime="20230217 17:44:57.325" endtime="20230217 17:44:57.549"/>
</kw>
<kw name="Click Element" library="SeleniumLibrary">
<arg>xpath://a[@title='Advanced Search' and @id='gh-as-a']</arg>
<doc>Click the element identified by ``locator``.</doc>
<msg timestamp="20230217 17:44:57.551" level="INFO">Clicking element 'xpath://a[@title='Advanced Search' and @id='gh-as-a']'.</msg>
<status status="PASS" starttime="20230217 17:44:57.550" endtime="20230217 17:44:58.916"/>
</kw>
<status status="PASS" starttime="20230217 17:44:57.324" endtime="20230217 17:44:58.916"/>
</kw>
<kw name="Then Je navigue vers la page Recherche avancée" library="scenarios_keywords">
<kw name="Wait Until Page Contains" library="SeleniumLibrary">
<arg>Advanced search</arg>
<doc>Waits until ``text`` appears on the current page.</doc>
<status status="PASS" starttime="20230217 17:44:58.918" endtime="20230217 17:44:58.946"/>
</kw>
<kw name="Page Should Contain" library="SeleniumLibrary">
<arg>Advanced search</arg>
<doc>Verifies that current page contains ``text``.</doc>
<msg timestamp="20230217 17:44:59.002" level="INFO">Current page contains text 'Advanced search'.</msg>
<status status="PASS" starttime="20230217 17:44:58.946" endtime="20230217 17:44:59.002"/>
</kw>
<status status="PASS" starttime="20230217 17:44:58.917" endtime="20230217 17:44:59.003"/>
</kw>
<status status="PASS" starttime="20230217 17:44:54.668" endtime="20230217 17:44:59.004"/>
</test>
<status status="PASS" starttime="20230217 17:44:54.339" endtime="20230217 17:44:59.010"/>
</suite>
<statistics>
<total>
<stat pass="1" fail="0" skip="0">All Tests</stat>
</total>
<tag>
</tag>
<suite>
<stat pass="1" fail="0" skip="0" id="s1" name="Scenarios Scripts">Scenarios Scripts</stat>
</suite>
</statistics>
<errors>
<msg timestamp="20230217 17:44:54.374" level="ERROR">Error in file 'c:\Users\chula\OneDrive\Desktop\Examen_Intra_Automatisation_2\Resources\scenarios_keywords.robot' on line 3: Setting 'Test Setup' is not allowed in resource file.</msg>
<msg timestamp="20230217 17:44:54.379" level="ERROR">Error in file 'c:\Users\chula\OneDrive\Desktop\Examen_Intra_Automatisation_2\Resources\scenarios_keywords.robot' on line 4: Setting 'Test Teardown' is not allowed in resource file.</msg>
</errors>
</robot>
