<?xml version="1.0" encoding="UTF-8"?>
<robot generator="Robot 6.0.1 (Python 3.10.7 on win32)" generated="20230219 00:06:06.605" rpa="false" schemaversion="3">
<suite id="s1" name="Scenarios Scripts" source="C:\Users\chula\OneDrive\Desktop\Examen_Intra_Automatisation_2\TestCases\scenarios_scripts.robot">
<test id="s1-t1" name="Scenario A" line="7">
<kw name="Given Je suis sur la page d'accueil d'Ebay" library="scenarios_keywords">
<kw name="Open Browser" library="SeleniumLibrary">
<arg>${URL}</arg>
<arg>${BROWSER}</arg>
<doc>Opens a new browser instance to the optional ``url``.</doc>
<msg timestamp="20230219 00:06:06.908" level="INFO">Opening browser 'chrome' to base url 'https://www.ebay.com/'.</msg>
<status status="PASS" starttime="20230219 00:06:06.907" endtime="20230219 00:06:09.517"/>
</kw>
<kw name="Maximize Browser Window" library="SeleniumLibrary">
<doc>Maximizes current browser window.</doc>
<status status="PASS" starttime="20230219 00:06:09.518" endtime="20230219 00:06:09.694"/>
</kw>
<kw name="Set Selenium Timeout" library="SeleniumLibrary">
<arg>5</arg>
<doc>Sets the timeout that is used by various keywords.</doc>
<status status="PASS" starttime="20230219 00:06:09.694" endtime="20230219 00:06:09.696"/>
</kw>
<status status="PASS" starttime="20230219 00:06:06.907" endtime="20230219 00:06:09.697"/>
</kw>
<kw name="When Je clique sur lien Avancé" library="scenarios_keywords">
<kw name="Wait Until Element Is Visible" library="SeleniumLibrary">
<arg>${lnk_Advanced}</arg>
<doc>Waits until the element ``locator`` is visible.</doc>
<status status="PASS" starttime="20230219 00:06:09.699" endtime="20230219 00:06:09.835"/>
</kw>
<kw name="Click Element" library="SeleniumLibrary">
<arg>${lnk_Advanced}</arg>
<doc>Click the element identified by ``locator``.</doc>
<msg timestamp="20230219 00:06:09.837" level="INFO">Clicking element 'xpath://a[@title='Advanced Search' and @id='gh-as-a']'.</msg>
<status status="PASS" starttime="20230219 00:06:09.836" endtime="20230219 00:06:11.680"/>
</kw>
<status status="PASS" starttime="20230219 00:06:09.698" endtime="20230219 00:06:11.680"/>
</kw>
<kw name="Then Je navigue vers la page Recherche avancée" library="scenarios_keywords">
<arg>Advanced search</arg>
<kw name="Wait Until Page Contains" library="SeleniumLibrary">
<arg>${Labeled_text}</arg>
<doc>Waits until ``text`` appears on the current page.</doc>
<status status="PASS" starttime="20230219 00:06:11.682" endtime="20230219 00:06:11.708"/>
</kw>
<kw name="Page Should Contain" library="SeleniumLibrary">
<arg>${Labeled_text}</arg>
<doc>Verifies that current page contains ``text``.</doc>
<msg timestamp="20230219 00:06:11.757" level="INFO">Current page contains text 'Advanced search'.</msg>
<status status="PASS" starttime="20230219 00:06:11.709" endtime="20230219 00:06:11.757"/>
</kw>
<status status="PASS" starttime="20230219 00:06:11.681" endtime="20230219 00:06:11.757"/>
</kw>
<kw name="Close Browser" library="SeleniumLibrary" type="TEARDOWN">
<doc>Closes the current browser.</doc>
<status status="PASS" starttime="20230219 00:06:11.758" endtime="20230219 00:06:13.956"/>
</kw>
<status status="PASS" starttime="20230219 00:06:06.906" endtime="20230219 00:06:13.956"/>
</test>
<test id="s1-t2" name="Scenario B" line="13">
<kw name="Given Je suis sur la page d'accueil d'Ebay" library="scenarios_keywords">
<kw name="Open Browser" library="SeleniumLibrary">
<arg>${URL}</arg>
<arg>${BROWSER}</arg>
<doc>Opens a new browser instance to the optional ``url``.</doc>
<msg timestamp="20230219 00:06:13.959" level="INFO">Opening browser 'chrome' to base url 'https://www.ebay.com/'.</msg>
<status status="PASS" starttime="20230219 00:06:13.959" endtime="20230219 00:06:16.326"/>
</kw>
<kw name="Maximize Browser Window" library="SeleniumLibrary">
<doc>Maximizes current browser window.</doc>
<status status="PASS" starttime="20230219 00:06:16.327" endtime="20230219 00:06:16.473"/>
</kw>
<kw name="Set Selenium Timeout" library="SeleniumLibrary">
<arg>5</arg>
<doc>Sets the timeout that is used by various keywords.</doc>
<status status="PASS" starttime="20230219 00:06:16.473" endtime="20230219 00:06:16.475"/>
</kw>
<status status="PASS" starttime="20230219 00:06:13.958" endtime="20230219 00:06:16.476"/>
</kw>
<kw name="When Je recherche'iPhone11'" library="scenarios_keywords">
<arg>iPhone 11</arg>
<arg>results for iPhone 11</arg>
<kw name="Wait Until Element Is Visible" library="SeleniumLibrary">
<arg>${txt_Search}</arg>
<doc>Waits until the element ``locator`` is visible.</doc>
<status status="PASS" starttime="20230219 00:06:16.478" endtime="20230219 00:06:16.849"/>
</kw>
<kw name="Input Text" library="SeleniumLibrary">
<arg>${txt_Search}</arg>
<arg>${var_iPhone11}</arg>
<doc>Types the given ``text`` into the text field identified by ``locator``.</doc>
<msg timestamp="20230219 00:06:16.850" level="INFO">Typing text 'iPhone 11' into text field 'xpath://input[@id='gh-ac']'.</msg>
<status status="PASS" starttime="20230219 00:06:16.849" endtime="20230219 00:06:17.245"/>
</kw>
<kw name="Click Button" library="SeleniumLibrary">
<arg>${btn_Search}</arg>
<doc>Clicks the button identified by ``locator``.</doc>
<msg timestamp="20230219 00:06:17.246" level="INFO">Clicking button 'xpath://input[@type='submit' and @id='gh-btn']'.</msg>
<status status="PASS" starttime="20230219 00:06:17.245" endtime="20230219 00:06:20.103"/>
</kw>
<kw name="Wait Until Page Contains" library="SeleniumLibrary">
<arg>${result_B}</arg>
<doc>Waits until ``text`` appears on the current page.</doc>
<status status="PASS" starttime="20230219 00:06:20.103" endtime="20230219 00:06:20.182"/>
</kw>
<status status="PASS" starttime="20230219 00:06:16.477" endtime="20230219 00:06:20.183"/>
</kw>
<kw name="Then Je valide au moins 1000 éléments de recherche présents" library="scenarios_keywords">
<arg>1000</arg>
<kw name="Get Text" library="SeleniumLibrary">
<var>${Number_1}</var>
<arg>${lbl_Resultat_Quantite}</arg>
<doc>Returns the text value of the element identified by ``locator``.</doc>
<msg timestamp="20230219 00:06:20.717" level="INFO">${Number_1} = 360,000</msg>
<status status="PASS" starttime="20230219 00:06:20.185" endtime="20230219 00:06:20.717"/>
</kw>
<if>
<branch type="IF" condition="${Number_1} &gt; ${Quantity_B}">
<kw name="Log To Console" library="BuiltIn">
<arg>Plus ${Quantity_B} elements de recherche presents</arg>
<doc>Logs the given message to the console.</doc>
<status status="PASS" starttime="20230219 00:06:20.718" endtime="20230219 00:06:20.719"/>
</kw>
<status status="PASS" starttime="20230219 00:06:20.718" endtime="20230219 00:06:20.719"/>
</branch>
<branch type="ELSE">
<kw name="${Number_1} &lt; ${Quantity_B}">
<status status="NOT RUN" starttime="20230219 00:06:20.726" endtime="20230219 00:06:20.726"/>
</kw>
<kw name="Log To Console" library="BuiltIn">
<arg>C'est moins de ${Quantity_B} elements de recherche presents</arg>
<doc>Logs the given message to the console.</doc>
<status status="NOT RUN" starttime="20230219 00:06:20.727" endtime="20230219 00:06:20.727"/>
</kw>
<status status="NOT RUN" starttime="20230219 00:06:20.720" endtime="20230219 00:06:20.727"/>
</branch>
<status status="PASS" starttime="20230219 00:06:20.718" endtime="20230219 00:06:20.727"/>
</if>
<status status="PASS" starttime="20230219 00:06:20.184" endtime="20230219 00:06:20.727"/>
</kw>
<kw name="Close Browser" library="SeleniumLibrary" type="TEARDOWN">
<doc>Closes the current browser.</doc>
<status status="PASS" starttime="20230219 00:06:20.728" endtime="20230219 00:06:22.962"/>
</kw>
<status status="PASS" starttime="20230219 00:06:13.957" endtime="20230219 00:06:22.962"/>
</test>
<test id="s1-t3" name="Scenario C" line="19">
<kw name="Given Je suis sur la page d'accueil d'Ebay" library="scenarios_keywords">
<kw name="Open Browser" library="SeleniumLibrary">
<arg>${URL}</arg>
<arg>${BROWSER}</arg>
<doc>Opens a new browser instance to the optional ``url``.</doc>
<msg timestamp="20230219 00:06:22.968" level="INFO">Opening browser 'chrome' to base url 'https://www.ebay.com/'.</msg>
<status status="PASS" starttime="20230219 00:06:22.967" endtime="20230219 00:06:25.372"/>
</kw>
<kw name="Maximize Browser Window" library="SeleniumLibrary">
<doc>Maximizes current browser window.</doc>
<status status="PASS" starttime="20230219 00:06:25.372" endtime="20230219 00:06:25.545"/>
</kw>
<kw name="Set Selenium Timeout" library="SeleniumLibrary">
<arg>5</arg>
<doc>Sets the timeout that is used by various keywords.</doc>
<status status="PASS" starttime="20230219 00:06:25.545" endtime="20230219 00:06:25.548"/>
</kw>
<status status="PASS" starttime="20230219 00:06:22.966" endtime="20230219 00:06:25.548"/>
</kw>
<kw name="When Je recherche 'Toy Cars'" library="scenarios_keywords">
<arg>Toy Cars</arg>
<arg>results for Toy Cars</arg>
<kw name="Wait Until Element Is Visible" library="SeleniumLibrary">
<arg>${txt_Search}</arg>
<doc>Waits until the element ``locator`` is visible.</doc>
<status status="PASS" starttime="20230219 00:06:25.550" endtime="20230219 00:06:26.223"/>
</kw>
<kw name="Input Text" library="SeleniumLibrary">
<arg>${txt_Search}</arg>
<arg>${var_ToyCars}</arg>
<doc>Types the given ``text`` into the text field identified by ``locator``.</doc>
<msg timestamp="20230219 00:06:26.225" level="INFO">Typing text 'Toy Cars' into text field 'xpath://input[@id='gh-ac']'.</msg>
<status status="PASS" starttime="20230219 00:06:26.223" endtime="20230219 00:06:26.806"/>
</kw>
<kw name="Click Button" library="SeleniumLibrary">
<arg>${btn_Search}</arg>
<doc>Clicks the button identified by ``locator``.</doc>
<msg timestamp="20230219 00:06:26.808" level="INFO">Clicking button 'xpath://input[@type='submit' and @id='gh-btn']'.</msg>
<status status="PASS" starttime="20230219 00:06:26.807" endtime="20230219 00:06:28.672"/>
</kw>
<kw name="Wait Until Page Contains" library="SeleniumLibrary">
<arg>${result_C}</arg>
<doc>Waits until ``text`` appears on the current page.</doc>
<status status="PASS" starttime="20230219 00:06:28.673" endtime="20230219 00:06:28.731"/>
</kw>
<status status="PASS" starttime="20230219 00:06:25.549" endtime="20230219 00:06:28.731"/>
</kw>
<kw name="Then Je valide au moins 100 éléments de recherche présents" library="scenarios_keywords">
<arg>100</arg>
<kw name="Get Text" library="SeleniumLibrary">
<var>${Number_2}</var>
<arg>${lbl_Resultat_Quantite}</arg>
<doc>Returns the text value of the element identified by ``locator``.</doc>
<msg timestamp="20230219 00:06:29.138" level="INFO">${Number_2} = 520,000</msg>
<status status="PASS" starttime="20230219 00:06:28.732" endtime="20230219 00:06:29.139"/>
</kw>
<if>
<branch type="IF" condition="${Number_2} &gt; ${Quantity_C}">
<kw name="Log To Console" library="BuiltIn">
<arg>Plus ${Quantity_C} elements de recherche presents</arg>
<doc>Logs the given message to the console.</doc>
<status status="PASS" starttime="20230219 00:06:29.139" endtime="20230219 00:06:29.140"/>
</kw>
<status status="PASS" starttime="20230219 00:06:29.139" endtime="20230219 00:06:29.141"/>
</branch>
<branch type="ELSE">
<kw name="${Number_2} &lt; ${Quantity_C}">
<status status="NOT RUN" starttime="20230219 00:06:29.148" endtime="20230219 00:06:29.148"/>
</kw>
<kw name="Log To Console" library="BuiltIn">
<arg>C'est moins de ${Quantity_C} elements de recherche presents</arg>
<doc>Logs the given message to the console.</doc>
<status status="NOT RUN" starttime="20230219 00:06:29.149" endtime="20230219 00:06:29.149"/>
</kw>
<status status="NOT RUN" starttime="20230219 00:06:29.141" endtime="20230219 00:06:29.149"/>
</branch>
<status status="PASS" starttime="20230219 00:06:29.139" endtime="20230219 00:06:29.149"/>
</if>
<status status="PASS" starttime="20230219 00:06:28.732" endtime="20230219 00:06:29.149"/>
</kw>
<kw name="Close Browser" library="SeleniumLibrary" type="TEARDOWN">
<doc>Closes the current browser.</doc>
<status status="PASS" starttime="20230219 00:06:29.149" endtime="20230219 00:06:31.488"/>
</kw>
<status status="PASS" starttime="20230219 00:06:22.964" endtime="20230219 00:06:31.489"/>
</test>
<test id="s1-t4" name="Scenario D" line="25">
<kw name="Given Je suis sur la page d'accueil d'Ebay" library="scenarios_keywords">
<kw name="Open Browser" library="SeleniumLibrary">
<arg>${URL}</arg>
<arg>${BROWSER}</arg>
<doc>Opens a new browser instance to the optional ``url``.</doc>
<msg timestamp="20230219 00:06:31.494" level="INFO">Opening browser 'chrome' to base url 'https://www.ebay.com/'.</msg>
<status status="PASS" starttime="20230219 00:06:31.492" endtime="20230219 00:06:33.964"/>
</kw>
<kw name="Maximize Browser Window" library="SeleniumLibrary">
<doc>Maximizes current browser window.</doc>
<status status="PASS" starttime="20230219 00:06:33.964" endtime="20230219 00:06:34.133"/>
</kw>
<kw name="Set Selenium Timeout" library="SeleniumLibrary">
<arg>5</arg>
<doc>Sets the timeout that is used by various keywords.</doc>
<status status="PASS" starttime="20230219 00:06:34.134" endtime="20230219 00:06:34.136"/>
</kw>
<status status="PASS" starttime="20230219 00:06:31.492" endtime="20230219 00:06:34.136"/>
</kw>
<kw name="When Je recherche 'soap' dans la catégorie 'Baby'" library="scenarios_keywords">
<arg>soap</arg>
<arg>Baby</arg>
<arg>results for soap</arg>
<kw name="Wait Until Element Is Visible" library="SeleniumLibrary">
<arg>${txt_Search}</arg>
<doc>Waits until the element ``locator`` is visible.</doc>
<status status="PASS" starttime="20230219 00:06:34.138" endtime="20230219 00:06:34.705"/>
</kw>
<kw name="Input Text" library="SeleniumLibrary">
<arg>${txt_Search}</arg>
<arg>${var_soap}</arg>
<doc>Types the given ``text`` into the text field identified by ``locator``.</doc>
<msg timestamp="20230219 00:06:34.706" level="INFO">Typing text 'soap' into text field 'xpath://input[@id='gh-ac']'.</msg>
<status status="PASS" starttime="20230219 00:06:34.705" endtime="20230219 00:06:35.303"/>
</kw>
<kw name="Select From List By Label" library="SeleniumLibrary">
<arg>${lst_Category}</arg>
<arg>${var_Baby}</arg>
<doc>Selects options from selection list ``locator`` by ``labels``.</doc>
<msg timestamp="20230219 00:06:35.305" level="INFO">Selecting options from selection list 'xpath://select[@id='gh-cat']' by label Baby.</msg>
<status status="PASS" starttime="20230219 00:06:35.303" endtime="20230219 00:06:35.468"/>
</kw>
<kw name="Click Button" library="SeleniumLibrary">
<arg>${btn_Search}</arg>
<doc>Clicks the button identified by ``locator``.</doc>
<msg timestamp="20230219 00:06:35.469" level="INFO">Clicking button 'xpath://input[@type='submit' and @id='gh-btn']'.</msg>
<status status="PASS" starttime="20230219 00:06:35.468" endtime="20230219 00:06:36.893"/>
</kw>
<kw name="Wait Until Page Contains" library="SeleniumLibrary">
<arg>${result_D}</arg>
<doc>Waits until ``text`` appears on the current page.</doc>
<status status="PASS" starttime="20230219 00:06:36.894" endtime="20230219 00:06:36.916"/>
</kw>
<status status="PASS" starttime="20230219 00:06:34.137" endtime="20230219 00:06:36.916"/>
</kw>
<kw name="Then Je valide au moins 50 éléments de recherche présents" library="scenarios_keywords">
<arg>50</arg>
<kw name="Get Text" library="SeleniumLibrary">
<var>${Number_3}</var>
<arg>${lbl_Resultat_Scenario_D}</arg>
<doc>Returns the text value of the element identified by ``locator``.</doc>
<msg timestamp="20230219 00:06:37.485" level="INFO">${Number_3} = 1,300</msg>
<status status="PASS" starttime="20230219 00:06:36.918" endtime="20230219 00:06:37.485"/>
</kw>
<if>
<branch type="IF" condition="${Number_3} &gt; ${Quantity_D}">
<kw name="Log To Console" library="BuiltIn">
<arg>Plus ${Quantity_D} elements de recherche presents</arg>
<doc>Logs the given message to the console.</doc>
<status status="PASS" starttime="20230219 00:06:37.486" endtime="20230219 00:06:37.487"/>
</kw>
<status status="PASS" starttime="20230219 00:06:37.486" endtime="20230219 00:06:37.487"/>
</branch>
<branch type="ELSE">
<kw name="${Number_3} &lt; ${Quantity_D}">
<status status="NOT RUN" starttime="20230219 00:06:37.497" endtime="20230219 00:06:37.497"/>
</kw>
<kw name="Log To Console" library="BuiltIn">
<arg>C'est moins de ${Quantity_D} elements de recherche presents</arg>
<doc>Logs the given message to the console.</doc>
<status status="NOT RUN" starttime="20230219 00:06:37.498" endtime="20230219 00:06:37.498"/>
</kw>
<status status="NOT RUN" starttime="20230219 00:06:37.487" endtime="20230219 00:06:37.498"/>
</branch>
<status status="PASS" starttime="20230219 00:06:37.485" endtime="20230219 00:06:37.498"/>
</if>
<status status="PASS" starttime="20230219 00:06:36.917" endtime="20230219 00:06:37.499"/>
</kw>
<kw name="Close Browser" library="SeleniumLibrary" type="TEARDOWN">
<doc>Closes the current browser.</doc>
<status status="PASS" starttime="20230219 00:06:37.500" endtime="20230219 00:06:39.740"/>
</kw>
<status status="PASS" starttime="20230219 00:06:31.491" endtime="20230219 00:06:39.741"/>
</test>
<test id="s1-t5" name="Scenario E" line="31">
<kw name="Given Je suis sur la page d'accueil d'Ebay" library="scenarios_keywords">
<kw name="Open Browser" library="SeleniumLibrary">
<arg>${URL}</arg>
<arg>${BROWSER}</arg>
<doc>Opens a new browser instance to the optional ``url``.</doc>
<msg timestamp="20230219 00:06:39.746" level="INFO">Opening browser 'chrome' to base url 'https://www.ebay.com/'.</msg>
<status status="PASS" starttime="20230219 00:06:39.745" endtime="20230219 00:06:42.147"/>
</kw>
<kw name="Maximize Browser Window" library="SeleniumLibrary">
<doc>Maximizes current browser window.</doc>
<status status="PASS" starttime="20230219 00:06:42.147" endtime="20230219 00:06:42.309"/>
</kw>
<kw name="Set Selenium Timeout" library="SeleniumLibrary">
<arg>5</arg>
<doc>Sets the timeout that is used by various keywords.</doc>
<status status="PASS" starttime="20230219 00:06:42.309" endtime="20230219 00:06:42.312"/>
</kw>
<status status="PASS" starttime="20230219 00:06:39.744" endtime="20230219 00:06:42.312"/>
</kw>
<kw name="When Je clique sur '&lt;link&gt;'" library="scenarios_keywords">
<arg>Motors</arg>
<kw name="Click Element" library="SeleniumLibrary">
<arg>${lnk_Category_partie_1}${name_Category}${lnk_Category_partie_2}</arg>
<doc>Click the element identified by ``locator``.</doc>
<msg timestamp="20230219 00:06:42.315" level="INFO">Clicking element 'xpath://div[@class='hl-cat-nav']/ul/li/a[contains(text(),'Motors')]'.</msg>
<status status="PASS" starttime="20230219 00:06:42.314" endtime="20230219 00:06:44.487"/>
</kw>
<kw name="Wait Until Page Contains" library="SeleniumLibrary">
<arg>${name_Category}</arg>
<doc>Waits until ``text`` appears on the current page.</doc>
<status status="PASS" starttime="20230219 00:06:44.487" endtime="20230219 00:06:44.537"/>
</kw>
<status status="PASS" starttime="20230219 00:06:42.313" endtime="20230219 00:06:44.537"/>
</kw>
<kw name="Then Je valide que la page navigue vers '&lt;url&gt;' et que le titre contient '&lt;title&gt;'" library="scenarios_keywords">
<arg>Auto-Parts-and-Vehicles</arg>
<arg>Motors</arg>
<kw name="Get Location" library="SeleniumLibrary">
<var>${url_obtenue}</var>
<doc>Returns the current browser window URL.</doc>
<msg timestamp="20230219 00:06:44.611" level="INFO">${url_obtenue} = https://www.ebay.com/b/Auto-Parts-and-Vehicles/6000/bn_1865334</msg>
<status status="PASS" starttime="20230219 00:06:44.539" endtime="20230219 00:06:44.611"/>
</kw>
<kw name="Location Should Contain" library="SeleniumLibrary">
<arg>https://www.ebay.com/b/${var}</arg>
<doc>Verifies that the current URL contains ``expected``.</doc>
<msg timestamp="20230219 00:06:44.879" level="INFO">Current location contains 'https://www.ebay.com/b/Auto-Parts-and-Vehicles'.</msg>
<status status="PASS" starttime="20230219 00:06:44.612" endtime="20230219 00:06:44.879"/>
</kw>
<kw name="Should Match Regexp" library="BuiltIn">
<arg>${url_obtenue}</arg>
<arg>https://www.ebay.com/b/${var}</arg>
<doc>Fails if ``string`` does not match ``pattern`` as a regular expression.</doc>
<status status="PASS" starttime="20230219 00:06:44.879" endtime="20230219 00:06:44.880"/>
</kw>
<kw name="Log To Console" library="BuiltIn">
<arg>${var}</arg>
<doc>Logs the given message to the console.</doc>
<status status="PASS" starttime="20230219 00:06:44.881" endtime="20230219 00:06:44.882"/>
</kw>
<kw name="Log To Console" library="BuiltIn">
<arg>${url_obtenue}</arg>
<doc>Logs the given message to the console.</doc>
<status status="PASS" starttime="20230219 00:06:44.882" endtime="20230219 00:06:44.883"/>
</kw>
<kw name="Get Title" library="SeleniumLibrary">
<var>${titre_obtenue}</var>
<doc>Returns the title of the current page.</doc>
<msg timestamp="20230219 00:06:44.977" level="INFO">${titre_obtenue} = eBay Motors: Auto Parts and Vehicles | eBay</msg>
<status status="PASS" starttime="20230219 00:06:44.884" endtime="20230219 00:06:44.977"/>
</kw>
<kw name="Should Match Regexp" library="BuiltIn">
<arg>${titre_obtenue}</arg>
<arg>${name_Category}</arg>
<doc>Fails if ``string`` does not match ``pattern`` as a regular expression.</doc>
<status status="PASS" starttime="20230219 00:06:44.977" endtime="20230219 00:06:44.978"/>
</kw>
<kw name="Log To Console" library="BuiltIn">
<arg>${titre_obtenue}</arg>
<doc>Logs the given message to the console.</doc>
<status status="PASS" starttime="20230219 00:06:44.978" endtime="20230219 00:06:44.980"/>
</kw>
<status status="PASS" starttime="20230219 00:06:44.538" endtime="20230219 00:06:44.980"/>
</kw>
<kw name="Close Browser" library="SeleniumLibrary" type="TEARDOWN">
<doc>Closes the current browser.</doc>
<status status="PASS" starttime="20230219 00:06:44.981" endtime="20230219 00:06:47.258"/>
</kw>
<status status="PASS" starttime="20230219 00:06:39.743" endtime="20230219 00:06:47.259"/>
</test>
<status status="PASS" starttime="20230219 00:06:06.608" endtime="20230219 00:06:47.262"/>
</suite>
<statistics>
<total>
<stat pass="5" fail="0" skip="0">All Tests</stat>
</total>
<tag>
</tag>
<suite>
<stat pass="5" fail="0" skip="0" id="s1" name="Scenarios Scripts">Scenarios Scripts</stat>
</suite>
</statistics>
<errors>
</errors>
</robot>
